C51 COMPILER V9.59.0.0   PROJ4                                                             10/30/2018 23:34:23 PAGE 1   


C51 COMPILER V9.59.0.0, COMPILATION OF MODULE PROJ4
OBJECT MODULE PLACED IN .\Objects\proj4.obj
COMPILER INVOKED BY: D:\Keil4\C51\BIN\C51.EXE proj4.c OPTIMIZE(8,SPEED) BROWSE DEBUG OBJECTEXTEND PRINT(.\Listings\proj4
                    -.lst) TABS(2) OBJECT(.\Objects\proj4.obj)

line level    source

   1          #include<reg52.h>
   2          
   3          void delay(unsigned int k);
   4          sbit LED = P0^0; //LED
   5          sbit led_en = P1^2; //LED使能端 高导通
   6          sbit wei = P1^1; //数码管位控制
   7          sbit Line = P1^3; //点阵行控制
   8          sbit lcd_en = P1^7; //1602液晶使能端
   9          sbit duan = P1^0;  //数码管段码控制
  10          
  11          unsigned int i,j;
  12          
  13          unsigned int table[] = {
  14            0x3f,0x06,0x5b,0x4f,0x66,0x6d,0x7d,0x07,0x7f,0x6f
  15          };  //duan  0~9
  16          
  17          /*
  18          0: 0011 1111
  19          1: 0000 0110
  20          2: 0101 1011
  21          3: 0100 1111
  22          4: 0110 0110
  23          5: 0110 1101
  24          6: 0111 1101
  25          7: 0000 0111
  26          8: 0111 1111
  27          9: 0110 1111
  28          */
  29          
  30          unsigned int table2[] = {
  31            0xfe,0xfd,0xfb,0xf7,0xef,0xdf,0xbf,0x7f
  32          };   //wei
  33          
  34          unsigned int table3[4] = {1,0,0,0},num = 1000;
  35          
  36          void main()
  37          {
  38   1        lcd_en = 0;
  39   1        P0 = 0x00;
  40   1        Line = 0;
  41   1        P0 = 0xff;
  42   1        led_en = 0;
  43   1        j = 0;
  44   1        while(1)
  45   1        {
  46   2          for(i = 0;i < 4; i++) {
  47   3            duan = 1;
  48   3            P0 = table[table3[i]];
  49   3            duan = 0;
  50   3            wei = 1;
  51   3            P0 = table2[i];
  52   3            wei = 0;
  53   3            delay(2);
  54   3          }
C51 COMPILER V9.59.0.0   PROJ4                                                             10/30/2018 23:34:23 PAGE 2   

  55   2          j++;
  56   2          if(j == 40) {
  57   3            num= ++num % 10000;
  58   3            table3[0] = num / 1000;
  59   3            table3[1] = num % 1000 / 100;
  60   3            table3[2] = num % 100 / 10;
  61   3            table3[3] = num % 10;
  62   3            j = 0;
  63   3          }
  64   2        }
  65   1      }
  66          
  67          void delay(unsigned int k)
  68          {
  69   1        unsigned int z,x;
  70   1        for(z = 0;z < k;z++) {
  71   2          for(x = 0;x < 500;x++);
  72   2        }
  73   1      }


MODULE INFORMATION:   STATIC OVERLAYABLE
   CODE SIZE        =    244    ----
   CONSTANT SIZE    =   ----    ----
   XDATA SIZE       =   ----    ----
   PDATA SIZE       =   ----    ----
   DATA SIZE        =     50    ----
   IDATA SIZE       =   ----    ----
   BIT SIZE         =   ----    ----
END OF MODULE INFORMATION.


C51 COMPILATION COMPLETE.  0 WARNING(S),  0 ERROR(S)
