C51 COMPILER V9.59.0.0   PROJ2                                                             10/30/2018 21:15:07 PAGE 1   


C51 COMPILER V9.59.0.0, COMPILATION OF MODULE PROJ2
OBJECT MODULE PLACED IN .\Objects\proj2.obj
COMPILER INVOKED BY: D:\Keil4\C51\BIN\C51.EXE proj2.c OPTIMIZE(8,SPEED) BROWSE DEBUG OBJECTEXTEND PRINT(.\Listings\proj2
                    -.lst) TABS(2) OBJECT(.\Objects\proj2.obj)

line level    source

   1          #include<reg52.h>
   2          
   3          void delay(unsigned int k);
   4          sbit LED = P0^0; //LED
   5          sbit led_en = P1^2; //LED使能端 高导通
   6          sbit wei = P1^1; //数码管位控制
   7          sbit Line = P1^3; //点阵行控制
   8          sbit lcd_en = P1^7; //1602液晶使能端
   9          sbit duan = P1^0;
  10          
  11          unsigned int i,j;
  12          
  13          unsigned int table[] = {
  14            0x76,0x79,0x38,0x38,0x3f
  15          };  //duan
  16          
  17          unsigned int table2[] = {
  18            0xfe,0xfd,0xfb,0xf7,0xef
  19          };   //wei
  20          
  21          void main()
  22          {
  23   1        lcd_en = 0;
  24   1        P0 = 0x00;
  25   1        Line = 0;
  26   1        P0 = 0xff;
  27   1        led_en = 0;
  28   1        while(1)
  29   1        {
  30   2          for(i = 0;i < 5;i++) {
  31   3            duan = 1;
  32   3            P0 = table[i];
  33   3            duan = 0;
  34   3            wei = 1;
  35   3            P0 = table2[i];
  36   3            wei = 0;
  37   3            delay(1);
  38   3          }
  39   2        }
  40   1      }
  41          
  42          void delay(unsigned int k)
  43          {
  44   1        unsigned int z,x;
  45   1        for(z = 0;z < k;z++) {
  46   2          for(x = 0;x < 500;x++);
  47   2        }
  48   1      }


MODULE INFORMATION:   STATIC OVERLAYABLE
   CODE SIZE        =    105    ----
   CONSTANT SIZE    =   ----    ----
   XDATA SIZE       =   ----    ----
C51 COMPILER V9.59.0.0   PROJ2                                                             10/30/2018 21:15:07 PAGE 2   

   PDATA SIZE       =   ----    ----
   DATA SIZE        =     24    ----
   IDATA SIZE       =   ----    ----
   BIT SIZE         =   ----    ----
END OF MODULE INFORMATION.


C51 COMPILATION COMPLETE.  0 WARNING(S),  0 ERROR(S)
