C51 COMPILER V9.59.0.0   PROJ3                                                             10/30/2018 21:39:57 PAGE 1   


C51 COMPILER V9.59.0.0, COMPILATION OF MODULE PROJ3
OBJECT MODULE PLACED IN .\Objects\proj3.obj
COMPILER INVOKED BY: D:\Keil4\C51\BIN\C51.EXE proj3.c OPTIMIZE(8,SPEED) BROWSE DEBUG OBJECTEXTEND PRINT(.\Listings\proj3
                    -.lst) TABS(2) OBJECT(.\Objects\proj3.obj)

line level    source

   1          #include<reg52.h>
   2          
   3          void delay(unsigned int k);
   4          sbit LED = P0^0; //LED
   5          sbit led_en = P1^2; //LED使能端 高导通
   6          sbit wei = P1^1; //数码管位控制
   7          sbit Line = P1^3; //点阵行控制
   8          sbit lcd_en = P1^7; //1602液晶使能端
   9          sbit duan = P1^0;  //数码管段码控制
  10          
  11          sbit Key = P2^4; //s6按键
  12          
  13          unsigned int i,j;
  14          
  15          unsigned int table[] = {
  16            0x76,0x79,0x38,0x38,0x3f
  17          };  //duan
  18          
  19          unsigned int table2[] = {
  20            0xfe,0xfd,0xfb,0xf7,0xef,0xdf,0xbf,0x7f
  21          };   //wei
  22          
  23          void main()
  24          {
  25   1        lcd_en = 0;
  26   1        P0 = 0x00;
  27   1        Line = 0;
  28   1        P0 = 0xff;
  29   1        led_en = 0;
  30   1        
  31   1        i = 0;
  32   1        
  33   1        duan = 1;
  34   1        P0 = table[0];
  35   1        duan = 0;  //初始化段码，之后一直不变
  36   1        
  37   1        while(1)
  38   1        {
  39   2          wei = 1;
  40   2          P0 = table2[i];
  41   2          wei = 0;
  42   2          if(Key == 0) {
  43   3            delay(2);
  44   3            if(Key == 0) {
  45   4              i=++i%8;
  46   4            }
  47   3            delay(40);
  48   3          }
  49   2        }
  50   1      }
  51          
  52          void delay(unsigned int k)
  53          {
  54   1        unsigned int z,x;
C51 COMPILER V9.59.0.0   PROJ3                                                             10/30/2018 21:39:57 PAGE 2   

  55   1        for(z = 0;z < k;z++) {
  56   2          for(x = 0;x < 1827;x++);
  57   2        }
  58   1      }


MODULE INFORMATION:   STATIC OVERLAYABLE
   CODE SIZE        =    107    ----
   CONSTANT SIZE    =   ----    ----
   XDATA SIZE       =   ----    ----
   PDATA SIZE       =   ----    ----
   DATA SIZE        =     30    ----
   IDATA SIZE       =   ----    ----
   BIT SIZE         =   ----    ----
END OF MODULE INFORMATION.


C51 COMPILATION COMPLETE.  0 WARNING(S),  0 ERROR(S)
